{"/Users/yoavperetz/Developer/WorkLog/WorkLog-mobile/src/data/repo.ts": {"path":"/Users/yoavperetz/Developer/WorkLog/WorkLog-mobile/src/data/repo.ts","statementMap":{"0":{"start":{"line":100,"column":0},"end":{"line":100,"column":7}},"1":{"start":{"line":118,"column":0},"end":{"line":118,"column":7}},"2":{"start":{"line":125,"column":0},"end":{"line":125,"column":7}},"3":{"start":{"line":132,"column":0},"end":{"line":132,"column":7}},"4":{"start":{"line":138,"column":0},"end":{"line":138,"column":7}},"5":{"start":{"line":167,"column":0},"end":{"line":167,"column":7}},"6":{"start":{"line":201,"column":0},"end":{"line":201,"column":7}},"7":{"start":{"line":236,"column":0},"end":{"line":236,"column":7}},"8":{"start":{"line":252,"column":0},"end":{"line":252,"column":7}},"9":{"start":{"line":297,"column":0},"end":{"line":297,"column":7}},"10":{"start":{"line":323,"column":0},"end":{"line":323,"column":7}},"11":{"start":{"line":327,"column":0},"end":{"line":327,"column":7}},"12":{"start":{"line":14,"column":0},"end":{"line":14,"column":69}},"13":{"start":{"line":15,"column":0},"end":{"line":15,"column":47}},"14":{"start":{"line":16,"column":0},"end":{"line":16,"column":43}},"15":{"start":{"line":17,"column":11},"end":{"line":17,"column":28}},"16":{"start":{"line":19,"column":0},"end":{"line":19,"column":null}},"17":{"start":{"line":82,"column":20},"end":{"line":82,"column":38}},"18":{"start":{"line":85,"column":14},"end":{"line":85,"column":53}},"19":{"start":{"line":86,"column":2},"end":{"line":86,"column":53}},"20":{"start":{"line":89,"column":2},"end":{"line":89,"column":64}},"21":{"start":{"line":92,"column":2},"end":{"line":92,"column":67}},"22":{"start":{"line":96,"column":20},"end":{"line":96,"column":69}},"23":{"start":{"line":97,"column":2},"end":{"line":97,"column":25}},"24":{"start":{"line":97,"column":13},"end":{"line":97,"column":25}},"25":{"start":{"line":101,"column":13},"end":{"line":101,"column":32}},"26":{"start":{"line":102,"column":2},"end":{"line":102,"column":53}},"27":{"start":{"line":102,"column":25},"end":{"line":102,"column":53}},"28":{"start":{"line":103,"column":28},"end":{"line":103,"column":30}},"29":{"start":{"line":104,"column":11},"end":{"line":104,"column":12}},"30":{"start":{"line":105,"column":2},"end":{"line":112,"column":3}},"31":{"start":{"line":106,"column":4},"end":{"line":111,"column":5}},"32":{"start":{"line":107,"column":6},"end":{"line":107,"column":46}},"33":{"start":{"line":108,"column":6},"end":{"line":108,"column":11}},"34":{"start":{"line":110,"column":6},"end":{"line":110,"column":20}},"35":{"start":{"line":113,"column":2},"end":{"line":113,"column":26}},"36":{"start":{"line":114,"column":2},"end":{"line":114,"column":37}},"37":{"start":{"line":119,"column":26},"end":{"line":119,"column":114}},"38":{"start":{"line":120,"column":2},"end":{"line":120,"column":25}},"39":{"start":{"line":120,"column":13},"end":{"line":120,"column":25}},"40":{"start":{"line":121,"column":2},"end":{"line":121,"column":51}},"41":{"start":{"line":121,"column":13},"end":{"line":121,"column":51}},"42":{"start":{"line":122,"column":2},"end":{"line":122,"column":75}},"43":{"start":{"line":122,"column":39},"end":{"line":122,"column":75}},"44":{"start":{"line":123,"column":2},"end":{"line":123,"column":14}},"45":{"start":{"line":126,"column":26},"end":{"line":126,"column":102}},"46":{"start":{"line":127,"column":2},"end":{"line":127,"column":25}},"47":{"start":{"line":127,"column":13},"end":{"line":127,"column":25}},"48":{"start":{"line":128,"column":2},"end":{"line":128,"column":49}},"49":{"start":{"line":128,"column":13},"end":{"line":128,"column":49}},"50":{"start":{"line":129,"column":2},"end":{"line":129,"column":75}},"51":{"start":{"line":129,"column":39},"end":{"line":129,"column":75}},"52":{"start":{"line":130,"column":2},"end":{"line":130,"column":14}},"53":{"start":{"line":133,"column":40},"end":{"line":133,"column":80}},"54":{"start":{"line":134,"column":26},"end":{"line":134,"column":95}},"55":{"start":{"line":135,"column":2},"end":{"line":135,"column":25}},"56":{"start":{"line":135,"column":13},"end":{"line":135,"column":25}},"57":{"start":{"line":136,"column":2},"end":{"line":136,"column":14}},"58":{"start":{"line":144,"column":38},"end":{"line":149,"column":4}},"59":{"start":{"line":150,"column":26},"end":{"line":150,"column":93}},"60":{"start":{"line":151,"column":2},"end":{"line":151,"column":25}},"61":{"start":{"line":151,"column":13},"end":{"line":151,"column":25}},"62":{"start":{"line":152,"column":2},"end":{"line":152,"column":14}},"63":{"start":{"line":168,"column":24},"end":{"line":179,"column":4}},"64":{"start":{"line":181,"column":2},"end":{"line":187,"column":3}},"65":{"start":{"line":182,"column":4},"end":{"line":182,"column":38}},"66":{"start":{"line":184,"column":20},"end":{"line":184,"column":39}},"67":{"start":{"line":185,"column":4},"end":{"line":185,"column":64}},"68":{"start":{"line":186,"column":4},"end":{"line":186,"column":31}},"69":{"start":{"line":189,"column":2},"end":{"line":198,"column":5}},"70":{"start":{"line":202,"column":24},"end":{"line":213,"column":4}},"71":{"start":{"line":215,"column":2},"end":{"line":221,"column":3}},"72":{"start":{"line":216,"column":4},"end":{"line":216,"column":38}},"73":{"start":{"line":218,"column":20},"end":{"line":218,"column":39}},"74":{"start":{"line":219,"column":4},"end":{"line":219,"column":64}},"75":{"start":{"line":220,"column":4},"end":{"line":220,"column":31}},"76":{"start":{"line":223,"column":2},"end":{"line":232,"column":5}},"77":{"start":{"line":237,"column":30},"end":{"line":237,"column":73}},"78":{"start":{"line":238,"column":2},"end":{"line":249,"column":3}},"79":{"start":{"line":239,"column":28},"end":{"line":239,"column":96}},"80":{"start":{"line":240,"column":4},"end":{"line":240,"column":27}},"81":{"start":{"line":240,"column":15},"end":{"line":240,"column":27}},"82":{"start":{"line":241,"column":4},"end":{"line":241,"column":75}},"83":{"start":{"line":242,"column":4},"end":{"line":242,"column":16}},"84":{"start":{"line":244,"column":20},"end":{"line":244,"column":39}},"85":{"start":{"line":245,"column":4},"end":{"line":245,"column":60}},"86":{"start":{"line":246,"column":4},"end":{"line":246,"column":31}},"87":{"start":{"line":247,"column":18},"end":{"line":247,"column":78}},"88":{"start":{"line":248,"column":4},"end":{"line":248,"column":98}},"89":{"start":{"line":253,"column":2},"end":{"line":269,"column":3}},"90":{"start":{"line":254,"column":28},"end":{"line":258,"column":48}},"91":{"start":{"line":259,"column":4},"end":{"line":259,"column":27}},"92":{"start":{"line":259,"column":15},"end":{"line":259,"column":27}},"93":{"start":{"line":260,"column":4},"end":{"line":266,"column":8}},"94":{"start":{"line":260,"column":34},"end":{"line":266,"column":6}},"95":{"start":{"line":268,"column":4},"end":{"line":268,"column":55}},"96":{"start":{"line":279,"column":27},"end":{"line":279,"column":90}},"97":{"start":{"line":282,"column":2},"end":{"line":282,"column":64}},"98":{"start":{"line":282,"column":13},"end":{"line":282,"column":64}},"99":{"start":{"line":283,"column":2},"end":{"line":283,"column":92}},"100":{"start":{"line":286,"column":2},"end":{"line":286,"column":23}},"101":{"start":{"line":286,"column":13},"end":{"line":286,"column":23}},"102":{"start":{"line":287,"column":2},"end":{"line":287,"column":60}},"103":{"start":{"line":287,"column":33},"end":{"line":287,"column":60}},"104":{"start":{"line":288,"column":2},"end":{"line":288,"column":60}},"105":{"start":{"line":288,"column":33},"end":{"line":288,"column":60}},"106":{"start":{"line":289,"column":38},"end":{"line":293,"column":4}},"107":{"start":{"line":294,"column":2},"end":{"line":294,"column":25}},"108":{"start":{"line":303,"column":17},"end":{"line":303,"column":45}},"109":{"start":{"line":304,"column":2},"end":{"line":304,"column":87}},"110":{"start":{"line":306,"column":14},"end":{"line":306,"column":106}},"111":{"start":{"line":307,"column":19},"end":{"line":307,"column":72}},"112":{"start":{"line":308,"column":15},"end":{"line":308,"column":93}},"113":{"start":{"line":310,"column":2},"end":{"line":310,"column":60}},"114":{"start":{"line":312,"column":2},"end":{"line":318,"column":5}},"115":{"start":{"line":320,"column":2},"end":{"line":320,"column":115}},"116":{"start":{"line":324,"column":2},"end":{"line":324,"column":43}},"117":{"start":{"line":329,"column":2},"end":{"line":331,"column":3}},"118":{"start":{"line":330,"column":4},"end":{"line":330,"column":76}},"119":{"start":{"line":330,"column":10},"end":{"line":330,"column":65}},"120":{"start":{"line":333,"column":2},"end":{"line":333,"column":48}}},"fnMap":{"0":{"name":"loadPending","decl":{"start":{"line":84,"column":15},"end":{"line":84,"column":26}},"loc":{"start":{"line":84,"column":26},"end":{"line":87,"column":1}}},"1":{"name":"savePending","decl":{"start":{"line":88,"column":15},"end":{"line":88,"column":26}},"loc":{"start":{"line":88,"column":44},"end":{"line":90,"column":1}}},"2":{"name":"uid","decl":{"start":{"line":91,"column":9},"end":{"line":91,"column":12}},"loc":{"start":{"line":91,"column":12},"end":{"line":93,"column":1}}},"3":{"name":"cloudInsert","decl":{"start":{"line":95,"column":15},"end":{"line":95,"column":26}},"loc":{"start":{"line":95,"column":70},"end":{"line":98,"column":1}}},"4":{"name":"flushPending","decl":{"start":{"line":100,"column":22},"end":{"line":100,"column":34}},"loc":{"start":{"line":100,"column":34},"end":{"line":115,"column":1}}},"5":{"name":"cloudLoginEmployer","decl":{"start":{"line":118,"column":22},"end":{"line":118,"column":40}},"loc":{"start":{"line":118,"column":77},"end":{"line":124,"column":1}}},"6":{"name":"cloudLoginWorker","decl":{"start":{"line":125,"column":22},"end":{"line":125,"column":38}},"loc":{"start":{"line":125,"column":70},"end":{"line":131,"column":1}}},"7":{"name":"cloudRegisterEmployer","decl":{"start":{"line":132,"column":22},"end":{"line":132,"column":43}},"loc":{"start":{"line":132,"column":89},"end":{"line":137,"column":1}}},"8":{"name":"cloudRegisterWorker","decl":{"start":{"line":138,"column":22},"end":{"line":138,"column":41}},"loc":{"start":{"line":142,"column":18},"end":{"line":153,"column":1}}},"9":{"name":"recordPunchWorker","decl":{"start":{"line":167,"column":22},"end":{"line":167,"column":39}},"loc":{"start":{"line":167,"column":72},"end":{"line":199,"column":1}}},"10":{"name":"recordPunchEmployer","decl":{"start":{"line":201,"column":22},"end":{"line":201,"column":41}},"loc":{"start":{"line":201,"column":79},"end":{"line":233,"column":1}}},"11":{"name":"createProjectCloud","decl":{"start":{"line":236,"column":22},"end":{"line":236,"column":40}},"loc":{"start":{"line":236,"column":91},"end":{"line":250,"column":1}}},"12":{"name":"listProjectsCloudFirst","decl":{"start":{"line":252,"column":22},"end":{"line":252,"column":44}},"loc":{"start":{"line":252,"column":63},"end":{"line":270,"column":1}}},"13":{"name":"(anonymous_23)","decl":{"start":{"line":260,"column":28},"end":{"line":260,"column":29}},"loc":{"start":{"line":260,"column":34},"end":{"line":266,"column":6}}},"14":{"name":"ensureExt","decl":{"start":{"line":281,"column":9},"end":{"line":281,"column":18}},"loc":{"start":{"line":281,"column":54},"end":{"line":284,"column":1}}},"15":{"name":"guessExtByMime","decl":{"start":{"line":285,"column":9},"end":{"line":285,"column":23}},"loc":{"start":{"line":285,"column":37},"end":{"line":295,"column":1}}},"16":{"name":"saveProjectMediaFromUri","decl":{"start":{"line":297,"column":22},"end":{"line":297,"column":45}},"loc":{"start":{"line":301,"column":23},"end":{"line":321,"column":1}}},"17":{"name":"(anonymous_27)","decl":{"start":{"line":304,"column":77},"end":{"line":304,"column":80}},"loc":{"start":{"line":304,"column":82},"end":{"line":304,"column":85}}},"18":{"name":"listProjectMediaLocal","decl":{"start":{"line":323,"column":22},"end":{"line":323,"column":43}},"loc":{"start":{"line":323,"column":61},"end":{"line":325,"column":1}}},"19":{"name":"deleteProjectMediaLocal","decl":{"start":{"line":327,"column":22},"end":{"line":327,"column":45}},"loc":{"start":{"line":327,"column":83},"end":{"line":334,"column":1}}}},"branchMap":{"0":{"loc":{"start":{"line":86,"column":9},"end":{"line":86,"column":52}},"type":"cond-expr","locations":[{"start":{"line":86,"column":16},"end":{"line":86,"column":47}},{"start":{"line":86,"column":50},"end":{"line":86,"column":52}}]},"1":{"loc":{"start":{"line":97,"column":2},"end":{"line":97,"column":25}},"type":"if","locations":[{"start":{"line":97,"column":2},"end":{"line":97,"column":25}}]},"2":{"loc":{"start":{"line":102,"column":2},"end":{"line":102,"column":53}},"type":"if","locations":[{"start":{"line":102,"column":2},"end":{"line":102,"column":53}}]},"3":{"loc":{"start":{"line":120,"column":2},"end":{"line":120,"column":25}},"type":"if","locations":[{"start":{"line":120,"column":2},"end":{"line":120,"column":25}}]},"4":{"loc":{"start":{"line":121,"column":2},"end":{"line":121,"column":51}},"type":"if","locations":[{"start":{"line":121,"column":2},"end":{"line":121,"column":51}}]},"5":{"loc":{"start":{"line":122,"column":2},"end":{"line":122,"column":75}},"type":"if","locations":[{"start":{"line":122,"column":2},"end":{"line":122,"column":75}}]},"6":{"loc":{"start":{"line":127,"column":2},"end":{"line":127,"column":25}},"type":"if","locations":[{"start":{"line":127,"column":2},"end":{"line":127,"column":25}}]},"7":{"loc":{"start":{"line":128,"column":2},"end":{"line":128,"column":49}},"type":"if","locations":[{"start":{"line":128,"column":2},"end":{"line":128,"column":49}}]},"8":{"loc":{"start":{"line":129,"column":2},"end":{"line":129,"column":75}},"type":"if","locations":[{"start":{"line":129,"column":2},"end":{"line":129,"column":75}}]},"9":{"loc":{"start":{"line":135,"column":2},"end":{"line":135,"column":25}},"type":"if","locations":[{"start":{"line":135,"column":2},"end":{"line":135,"column":25}}]},"10":{"loc":{"start":{"line":151,"column":2},"end":{"line":151,"column":25}},"type":"if","locations":[{"start":{"line":151,"column":2},"end":{"line":151,"column":25}}]},"11":{"loc":{"start":{"line":173,"column":16},"end":{"line":173,"column":40}},"type":"binary-expr","locations":[{"start":{"line":173,"column":16},"end":{"line":173,"column":32}},{"start":{"line":173,"column":36},"end":{"line":173,"column":40}}]},"12":{"loc":{"start":{"line":174,"column":17},"end":{"line":174,"column":42}},"type":"binary-expr","locations":[{"start":{"line":174,"column":17},"end":{"line":174,"column":34}},{"start":{"line":174,"column":38},"end":{"line":174,"column":42}}]},"13":{"loc":{"start":{"line":177,"column":14},"end":{"line":177,"column":36}},"type":"binary-expr","locations":[{"start":{"line":177,"column":14},"end":{"line":177,"column":28}},{"start":{"line":177,"column":32},"end":{"line":177,"column":36}}]},"14":{"loc":{"start":{"line":178,"column":19},"end":{"line":178,"column":46}},"type":"binary-expr","locations":[{"start":{"line":178,"column":19},"end":{"line":178,"column":38}},{"start":{"line":178,"column":42},"end":{"line":178,"column":46}}]},"15":{"loc":{"start":{"line":192,"column":9},"end":{"line":192,"column":23}},"type":"binary-expr","locations":[{"start":{"line":192,"column":9},"end":{"line":192,"column":18}},{"start":{"line":192,"column":22},"end":{"line":192,"column":23}}]},"16":{"loc":{"start":{"line":193,"column":9},"end":{"line":193,"column":23}},"type":"binary-expr","locations":[{"start":{"line":193,"column":9},"end":{"line":193,"column":18}},{"start":{"line":193,"column":22},"end":{"line":193,"column":23}}]},"17":{"loc":{"start":{"line":196,"column":16},"end":{"line":196,"column":45}},"type":"binary-expr","locations":[{"start":{"line":196,"column":16},"end":{"line":196,"column":32}},{"start":{"line":196,"column":36},"end":{"line":196,"column":45}}]},"18":{"loc":{"start":{"line":207,"column":16},"end":{"line":207,"column":40}},"type":"binary-expr","locations":[{"start":{"line":207,"column":16},"end":{"line":207,"column":32}},{"start":{"line":207,"column":36},"end":{"line":207,"column":40}}]},"19":{"loc":{"start":{"line":208,"column":17},"end":{"line":208,"column":42}},"type":"binary-expr","locations":[{"start":{"line":208,"column":17},"end":{"line":208,"column":34}},{"start":{"line":208,"column":38},"end":{"line":208,"column":42}}]},"20":{"loc":{"start":{"line":211,"column":14},"end":{"line":211,"column":36}},"type":"binary-expr","locations":[{"start":{"line":211,"column":14},"end":{"line":211,"column":28}},{"start":{"line":211,"column":32},"end":{"line":211,"column":36}}]},"21":{"loc":{"start":{"line":212,"column":19},"end":{"line":212,"column":46}},"type":"binary-expr","locations":[{"start":{"line":212,"column":19},"end":{"line":212,"column":38}},{"start":{"line":212,"column":42},"end":{"line":212,"column":46}}]},"22":{"loc":{"start":{"line":226,"column":9},"end":{"line":226,"column":23}},"type":"binary-expr","locations":[{"start":{"line":226,"column":9},"end":{"line":226,"column":18}},{"start":{"line":226,"column":22},"end":{"line":226,"column":23}}]},"23":{"loc":{"start":{"line":227,"column":9},"end":{"line":227,"column":23}},"type":"binary-expr","locations":[{"start":{"line":227,"column":9},"end":{"line":227,"column":18}},{"start":{"line":227,"column":22},"end":{"line":227,"column":23}}]},"24":{"loc":{"start":{"line":230,"column":16},"end":{"line":230,"column":45}},"type":"binary-expr","locations":[{"start":{"line":230,"column":16},"end":{"line":230,"column":32}},{"start":{"line":230,"column":36},"end":{"line":230,"column":45}}]},"25":{"loc":{"start":{"line":240,"column":4},"end":{"line":240,"column":27}},"type":"if","locations":[{"start":{"line":240,"column":4},"end":{"line":240,"column":27}}]},"26":{"loc":{"start":{"line":259,"column":4},"end":{"line":259,"column":27}},"type":"if","locations":[{"start":{"line":259,"column":4},"end":{"line":259,"column":27}}]},"27":{"loc":{"start":{"line":260,"column":12},"end":{"line":260,"column":22}},"type":"binary-expr","locations":[{"start":{"line":260,"column":12},"end":{"line":260,"column":16}},{"start":{"line":260,"column":20},"end":{"line":260,"column":22}}]},"28":{"loc":{"start":{"line":279,"column":31},"end":{"line":279,"column":78}},"type":"binary-expr","locations":[{"start":{"line":279,"column":31},"end":{"line":279,"column":51}},{"start":{"line":279,"column":55},"end":{"line":279,"column":72}},{"start":{"line":279,"column":76},"end":{"line":279,"column":78}}]},"29":{"loc":{"start":{"line":282,"column":2},"end":{"line":282,"column":64}},"type":"if","locations":[{"start":{"line":282,"column":2},"end":{"line":282,"column":64}}]},"30":{"loc":{"start":{"line":282,"column":20},"end":{"line":282,"column":63}},"type":"cond-expr","locations":[{"start":{"line":282,"column":34},"end":{"line":282,"column":54}},{"start":{"line":282,"column":57},"end":{"line":282,"column":63}}]},"31":{"loc":{"start":{"line":283,"column":9},"end":{"line":283,"column":91}},"type":"cond-expr","locations":[{"start":{"line":283,"column":38},"end":{"line":283,"column":42}},{"start":{"line":283,"column":46},"end":{"line":283,"column":90}}]},"32":{"loc":{"start":{"line":283,"column":46},"end":{"line":283,"column":90}},"type":"cond-expr","locations":[{"start":{"line":283,"column":60},"end":{"line":283,"column":83}},{"start":{"line":283,"column":86},"end":{"line":283,"column":90}}]},"33":{"loc":{"start":{"line":286,"column":2},"end":{"line":286,"column":23}},"type":"if","locations":[{"start":{"line":286,"column":2},"end":{"line":286,"column":23}}]},"34":{"loc":{"start":{"line":287,"column":2},"end":{"line":287,"column":60}},"type":"if","locations":[{"start":{"line":287,"column":2},"end":{"line":287,"column":60}}]},"35":{"loc":{"start":{"line":288,"column":2},"end":{"line":288,"column":60}},"type":"if","locations":[{"start":{"line":288,"column":2},"end":{"line":288,"column":60}}]},"36":{"loc":{"start":{"line":294,"column":9},"end":{"line":294,"column":24}},"type":"binary-expr","locations":[{"start":{"line":294,"column":9},"end":{"line":294,"column":18}},{"start":{"line":294,"column":22},"end":{"line":294,"column":24}}]},"37":{"loc":{"start":{"line":306,"column":14},"end":{"line":306,"column":106}},"type":"binary-expr","locations":[{"start":{"line":306,"column":14},"end":{"line":306,"column":34}},{"start":{"line":306,"column":39},"end":{"line":306,"column":105}}]},"38":{"loc":{"start":{"line":306,"column":39},"end":{"line":306,"column":105}},"type":"cond-expr","locations":[{"start":{"line":306,"column":54},"end":{"line":306,"column":100}},{"start":{"line":306,"column":103},"end":{"line":306,"column":105}}]},"39":{"loc":{"start":{"line":306,"column":54},"end":{"line":306,"column":100}},"type":"binary-expr","locations":[{"start":{"line":306,"column":54},"end":{"line":306,"column":94}},{"start":{"line":306,"column":98},"end":{"line":306,"column":100}}]},"40":{"loc":{"start":{"line":307,"column":29},"end":{"line":307,"column":66}},"type":"binary-expr","locations":[{"start":{"line":307,"column":29},"end":{"line":307,"column":41}},{"start":{"line":307,"column":45},"end":{"line":307,"column":66}}]},"41":{"loc":{"start":{"line":315,"column":10},"end":{"line":315,"column":94}},"type":"cond-expr","locations":[{"start":{"line":315,"column":39},"end":{"line":315,"column":46}},{"start":{"line":315,"column":49},"end":{"line":315,"column":94}}]},"42":{"loc":{"start":{"line":315,"column":49},"end":{"line":315,"column":94}},"type":"cond-expr","locations":[{"start":{"line":315,"column":78},"end":{"line":315,"column":85}},{"start":{"line":315,"column":88},"end":{"line":315,"column":94}}]}},"s":{"0":1,"1":1,"2":1,"3":1,"4":1,"5":1,"6":1,"7":1,"8":1,"9":1,"10":1,"11":1,"12":1,"13":1,"14":1,"15":1,"16":1,"17":1,"18":4,"19":4,"20":4,"21":3,"22":4,"23":4,"24":1,"25":1,"26":1,"27":0,"28":1,"29":1,"30":1,"31":1,"32":1,"33":1,"34":0,"35":1,"36":1,"37":0,"38":0,"39":0,"40":0,"41":0,"42":0,"43":0,"44":0,"45":0,"46":0,"47":0,"48":0,"49":0,"50":0,"51":0,"52":0,"53":0,"54":0,"55":0,"56":0,"57":0,"58":0,"59":0,"60":0,"61":0,"62":0,"63":2,"64":2,"65":2,"66":0,"67":0,"68":0,"69":2,"70":1,"71":1,"72":1,"73":1,"74":1,"75":1,"76":1,"77":2,"78":2,"79":2,"80":0,"81":0,"82":0,"83":0,"84":2,"85":2,"86":2,"87":2,"88":2,"89":1,"90":1,"91":0,"92":0,"93":0,"94":0,"95":1,"96":1,"97":2,"98":0,"99":2,"100":2,"101":0,"102":2,"103":1,"104":1,"105":0,"106":1,"107":1,"108":2,"109":2,"110":2,"111":2,"112":2,"113":2,"114":2,"115":2,"116":2,"117":1,"118":1,"119":1,"120":1},"f":{"0":4,"1":4,"2":3,"3":4,"4":1,"5":0,"6":0,"7":0,"8":0,"9":2,"10":1,"11":2,"12":1,"13":0,"14":2,"15":2,"16":2,"17":0,"18":2,"19":1},"b":{"0":[2,2],"1":[1],"2":[0],"3":[0],"4":[0],"5":[0],"6":[0],"7":[0],"8":[0],"9":[0],"10":[0],"11":[2,1],"12":[2,1],"13":[2,0],"14":[2,0],"15":[2,0],"16":[2,0],"17":[2,1],"18":[1,1],"19":[1,1],"20":[1,1],"21":[1,0],"22":[1,1],"23":[1,1],"24":[1,1],"25":[0],"26":[0],"27":[0,0],"28":[1,0,0],"29":[0],"30":[0,0],"31":[2,0],"32":[0,0],"33":[0],"34":[1],"35":[0],"36":[1,0],"37":[2,0],"38":[0,0],"39":[0,0],"40":[2,0],"41":[0,2],"42":[1,1]}}
,"/Users/yoavperetz/Developer/WorkLog/WorkLog-mobile/src/lib/location.ts": {"path":"/Users/yoavperetz/Developer/WorkLog/WorkLog-mobile/src/lib/location.ts","statementMap":{"0":{"start":{"line":3,"column":0},"end":{"line":3,"column":7}},"1":{"start":{"line":8,"column":0},"end":{"line":8,"column":7}},"2":{"start":{"line":17,"column":0},"end":{"line":17,"column":16}},"3":{"start":{"line":28,"column":0},"end":{"line":28,"column":7}},"4":{"start":{"line":43,"column":0},"end":{"line":43,"column":16}},"5":{"start":{"line":1,"column":0},"end":{"line":1,"column":42}},"6":{"start":{"line":4,"column":21},"end":{"line":4,"column":71}},"7":{"start":{"line":5,"column":2},"end":{"line":5,"column":74}},"8":{"start":{"line":5,"column":28},"end":{"line":5,"column":74}},"9":{"start":{"line":9,"column":14},"end":{"line":9,"column":90}},"10":{"start":{"line":10,"column":2},"end":{"line":14,"column":4}},"11":{"start":{"line":18,"column":12},"end":{"line":18,"column":19}},"12":{"start":{"line":19,"column":16},"end":{"line":19,"column":50}},"13":{"start":{"line":19,"column":31},"end":{"line":19,"column":50}},"14":{"start":{"line":20,"column":15},"end":{"line":20,"column":33}},"15":{"start":{"line":21,"column":15},"end":{"line":21,"column":33}},"16":{"start":{"line":23,"column":4},"end":{"line":24,"column":75}},"17":{"start":{"line":25,"column":2},"end":{"line":25,"column":41}},"18":{"start":{"line":29,"column":2},"end":{"line":40,"column":3}},"19":{"start":{"line":30,"column":16},"end":{"line":30,"column":85}},"20":{"start":{"line":31,"column":14},"end":{"line":31,"column":22}},"21":{"start":{"line":32,"column":4},"end":{"line":32,"column":24}},"22":{"start":{"line":32,"column":12},"end":{"line":32,"column":24}},"23":{"start":{"line":33,"column":4},"end":{"line":37,"column":6}},"24":{"start":{"line":39,"column":4},"end":{"line":39,"column":16}},"25":{"start":{"line":44,"column":2},"end":{"line":44,"column":25}},"26":{"start":{"line":44,"column":13},"end":{"line":44,"column":25}},"27":{"start":{"line":45,"column":16},"end":{"line":45,"column":56}},"28":{"start":{"line":46,"column":2},"end":{"line":46,"column":48}}},"fnMap":{"0":{"name":"requestForegroundLocation","decl":{"start":{"line":3,"column":22},"end":{"line":3,"column":47}},"loc":{"start":{"line":3,"column":47},"end":{"line":6,"column":1}}},"1":{"name":"getCurrentLocation","decl":{"start":{"line":8,"column":22},"end":{"line":8,"column":40}},"loc":{"start":{"line":8,"column":40},"end":{"line":15,"column":1}}},"2":{"name":"haversineMeters","decl":{"start":{"line":17,"column":16},"end":{"line":17,"column":31}},"loc":{"start":{"line":17,"column":86},"end":{"line":26,"column":1}}},"3":{"name":"(anonymous_12)","decl":{"start":{"line":19,"column":16},"end":{"line":19,"column":17}},"loc":{"start":{"line":19,"column":31},"end":{"line":19,"column":50}}},"4":{"name":"reverseGeocode","decl":{"start":{"line":28,"column":22},"end":{"line":28,"column":36}},"loc":{"start":{"line":28,"column":61},"end":{"line":41,"column":1}}},"5":{"name":"formatAddress","decl":{"start":{"line":43,"column":16},"end":{"line":43,"column":29}},"loc":{"start":{"line":43,"column":92},"end":{"line":47,"column":1}}}},"branchMap":{"0":{"loc":{"start":{"line":5,"column":2},"end":{"line":5,"column":74}},"type":"if","locations":[{"start":{"line":5,"column":2},"end":{"line":5,"column":74}}]},"1":{"loc":{"start":{"line":13,"column":14},"end":{"line":13,"column":41}},"type":"binary-expr","locations":[{"start":{"line":13,"column":14},"end":{"line":13,"column":33}},{"start":{"line":13,"column":37},"end":{"line":13,"column":41}}]},"2":{"loc":{"start":{"line":32,"column":4},"end":{"line":32,"column":24}},"type":"if","locations":[{"start":{"line":32,"column":4},"end":{"line":32,"column":24}}]},"3":{"loc":{"start":{"line":34,"column":14},"end":{"line":34,"column":40}},"type":"binary-expr","locations":[{"start":{"line":34,"column":14},"end":{"line":34,"column":22}},{"start":{"line":34,"column":26},"end":{"line":34,"column":32}},{"start":{"line":34,"column":36},"end":{"line":34,"column":40}}]},"4":{"loc":{"start":{"line":35,"column":12},"end":{"line":35,"column":53}},"type":"binary-expr","locations":[{"start":{"line":35,"column":12},"end":{"line":35,"column":18}},{"start":{"line":35,"column":22},"end":{"line":35,"column":33}},{"start":{"line":35,"column":37},"end":{"line":35,"column":45}},{"start":{"line":35,"column":49},"end":{"line":35,"column":53}}]},"5":{"loc":{"start":{"line":36,"column":15},"end":{"line":36,"column":32}},"type":"binary-expr","locations":[{"start":{"line":36,"column":15},"end":{"line":36,"column":24}},{"start":{"line":36,"column":28},"end":{"line":36,"column":32}}]},"6":{"loc":{"start":{"line":44,"column":2},"end":{"line":44,"column":25}},"type":"if","locations":[{"start":{"line":44,"column":2},"end":{"line":44,"column":25}}]},"7":{"loc":{"start":{"line":46,"column":9},"end":{"line":46,"column":47}},"type":"cond-expr","locations":[{"start":{"line":46,"column":24},"end":{"line":46,"column":40}},{"start":{"line":46,"column":43},"end":{"line":46,"column":47}}]}},"s":{"0":0,"1":0,"2":0,"3":0,"4":0,"5":0,"6":0,"7":0,"8":0,"9":0,"10":0,"11":0,"12":0,"13":0,"14":0,"15":0,"16":0,"17":0,"18":0,"19":0,"20":0,"21":0,"22":0,"23":0,"24":0,"25":0,"26":0,"27":0,"28":0},"f":{"0":0,"1":0,"2":0,"3":0,"4":0,"5":0},"b":{"0":[0],"1":[0,0],"2":[0],"3":[0,0,0],"4":[0,0,0,0],"5":[0,0],"6":[0],"7":[0,0]}}
,"/Users/yoavperetz/Developer/WorkLog/WorkLog-mobile/src/lib/storage.ts": {"path":"/Users/yoavperetz/Developer/WorkLog/WorkLog-mobile/src/lib/storage.ts","statementMap":{"0":{"start":{"line":30,"column":0},"end":{"line":30,"column":7}},"1":{"start":{"line":41,"column":0},"end":{"line":41,"column":7}},"2":{"start":{"line":50,"column":0},"end":{"line":50,"column":7}},"3":{"start":{"line":60,"column":0},"end":{"line":60,"column":7}},"4":{"start":{"line":71,"column":0},"end":{"line":71,"column":7}},"5":{"start":{"line":86,"column":0},"end":{"line":86,"column":7}},"6":{"start":{"line":95,"column":0},"end":{"line":95,"column":7}},"7":{"start":{"line":104,"column":0},"end":{"line":104,"column":7}},"8":{"start":{"line":111,"column":0},"end":{"line":111,"column":7}},"9":{"start":{"line":112,"column":0},"end":{"line":112,"column":7}},"10":{"start":{"line":113,"column":0},"end":{"line":113,"column":7}},"11":{"start":{"line":115,"column":0},"end":{"line":115,"column":7}},"12":{"start":{"line":121,"column":0},"end":{"line":121,"column":7}},"13":{"start":{"line":124,"column":0},"end":{"line":124,"column":7}},"14":{"start":{"line":133,"column":0},"end":{"line":133,"column":7}},"15":{"start":{"line":143,"column":0},"end":{"line":143,"column":7}},"16":{"start":{"line":144,"column":0},"end":{"line":144,"column":7}},"17":{"start":{"line":145,"column":0},"end":{"line":145,"column":7}},"18":{"start":{"line":1,"column":0},"end":{"line":1,"column":69}},"19":{"start":{"line":9,"column":10},"end":{"line":18,"column":2}},"20":{"start":{"line":21,"column":12},"end":{"line":21,"column":43}},"21":{"start":{"line":21,"column":45},"end":{"line":21,"column":81}},"22":{"start":{"line":24,"column":2},"end":{"line":24,"column":55}},"23":{"start":{"line":26,"column":27},"end":{"line":26,"column":43}},"24":{"start":{"line":27,"column":44},"end":{"line":27,"column":103}},"25":{"start":{"line":27,"column":105},"end":{"line":27,"column":196}},"26":{"start":{"line":27,"column":140},"end":{"line":27,"column":185}},"27":{"start":{"line":31,"column":20},"end":{"line":31,"column":58}},"28":{"start":{"line":32,"column":14},"end":{"line":32,"column":52}},"29":{"start":{"line":33,"column":21},"end":{"line":33,"column":32}},"30":{"start":{"line":34,"column":24},"end":{"line":34,"column":98}},"31":{"start":{"line":35,"column":2},"end":{"line":35,"column":22}},"32":{"start":{"line":36,"column":2},"end":{"line":36,"column":36}},"33":{"start":{"line":37,"column":2},"end":{"line":37,"column":39}},"34":{"start":{"line":38,"column":2},"end":{"line":38,"column":13}},"35":{"start":{"line":42,"column":20},"end":{"line":42,"column":58}},"36":{"start":{"line":43,"column":13},"end":{"line":43,"column":34}},"37":{"start":{"line":44,"column":14},"end":{"line":44,"column":54}},"38":{"start":{"line":44,"column":34},"end":{"line":44,"column":53}},"39":{"start":{"line":45,"column":2},"end":{"line":45,"column":45}},"40":{"start":{"line":45,"column":12},"end":{"line":45,"column":45}},"41":{"start":{"line":46,"column":2},"end":{"line":46,"column":64}},"42":{"start":{"line":46,"column":33},"end":{"line":46,"column":64}},"43":{"start":{"line":47,"column":2},"end":{"line":47,"column":13}},"44":{"start":{"line":51,"column":20},"end":{"line":51,"column":58}},"45":{"start":{"line":52,"column":14},"end":{"line":52,"column":81}},"46":{"start":{"line":52,"column":34},"end":{"line":52,"column":80}},"47":{"start":{"line":53,"column":2},"end":{"line":53,"column":58}},"48":{"start":{"line":53,"column":12},"end":{"line":53,"column":58}},"49":{"start":{"line":54,"column":22},"end":{"line":54,"column":40}},"50":{"start":{"line":55,"column":2},"end":{"line":55,"column":29}},"51":{"start":{"line":56,"column":2},"end":{"line":56,"column":36}},"52":{"start":{"line":57,"column":2},"end":{"line":57,"column":40}},"53":{"start":{"line":61,"column":20},"end":{"line":61,"column":58}},"54":{"start":{"line":62,"column":13},"end":{"line":62,"column":34}},"55":{"start":{"line":63,"column":14},"end":{"line":63,"column":54}},"56":{"start":{"line":63,"column":34},"end":{"line":63,"column":53}},"57":{"start":{"line":64,"column":2},"end":{"line":64,"column":45}},"58":{"start":{"line":64,"column":12},"end":{"line":64,"column":45}},"59":{"start":{"line":65,"column":2},"end":{"line":65,"column":70}},"60":{"start":{"line":65,"column":32},"end":{"line":65,"column":70}},"61":{"start":{"line":66,"column":2},"end":{"line":66,"column":25}},"62":{"start":{"line":67,"column":2},"end":{"line":67,"column":36}},"63":{"start":{"line":72,"column":18},"end":{"line":72,"column":52}},"64":{"start":{"line":73,"column":20},"end":{"line":73,"column":58}},"65":{"start":{"line":74,"column":21},"end":{"line":74,"column":42}},"66":{"start":{"line":75,"column":2},"end":{"line":75,"column":95}},"67":{"start":{"line":75,"column":27},"end":{"line":75,"column":54}},"68":{"start":{"line":75,"column":57},"end":{"line":75,"column":95}},"69":{"start":{"line":77,"column":14},"end":{"line":77,"column":50}},"70":{"start":{"line":78,"column":16},"end":{"line":78,"column":27}},"71":{"start":{"line":79,"column":20},"end":{"line":79,"column":102}},"72":{"start":{"line":80,"column":2},"end":{"line":80,"column":18}},"73":{"start":{"line":81,"column":2},"end":{"line":81,"column":32}},"74":{"start":{"line":82,"column":2},"end":{"line":82,"column":32}},"75":{"start":{"line":83,"column":2},"end":{"line":83,"column":11}},"76":{"start":{"line":87,"column":18},"end":{"line":87,"column":52}},"77":{"start":{"line":88,"column":13},"end":{"line":88,"column":29}},"78":{"start":{"line":89,"column":12},"end":{"line":89,"column":45}},"79":{"start":{"line":89,"column":30},"end":{"line":89,"column":44}},"80":{"start":{"line":90,"column":2},"end":{"line":90,"column":42}},"81":{"start":{"line":90,"column":10},"end":{"line":90,"column":42}},"82":{"start":{"line":91,"column":2},"end":{"line":91,"column":62}},"83":{"start":{"line":91,"column":31},"end":{"line":91,"column":62}},"84":{"start":{"line":92,"column":2},"end":{"line":92,"column":11}},"85":{"start":{"line":96,"column":18},"end":{"line":96,"column":52}},"86":{"start":{"line":97,"column":13},"end":{"line":97,"column":29}},"87":{"start":{"line":98,"column":12},"end":{"line":98,"column":45}},"88":{"start":{"line":98,"column":30},"end":{"line":98,"column":44}},"89":{"start":{"line":99,"column":2},"end":{"line":99,"column":42}},"90":{"start":{"line":99,"column":10},"end":{"line":99,"column":42}},"91":{"start":{"line":100,"column":2},"end":{"line":100,"column":20}},"92":{"start":{"line":101,"column":2},"end":{"line":101,"column":32}},"93":{"start":{"line":105,"column":21},"end":{"line":105,"column":42}},"94":{"start":{"line":106,"column":18},"end":{"line":106,"column":52}},"95":{"start":{"line":107,"column":2},"end":{"line":107,"column":111}},"96":{"start":{"line":107,"column":29},"end":{"line":107,"column":56}},"97":{"start":{"line":107,"column":71},"end":{"line":107,"column":109}},"98":{"start":{"line":111,"column":61},"end":{"line":111,"column":111}},"99":{"start":{"line":112,"column":49},"end":{"line":112,"column":101}},"100":{"start":{"line":113,"column":50},"end":{"line":113,"column":98}},"101":{"start":{"line":116,"column":14},"end":{"line":116,"column":34}},"102":{"start":{"line":117,"column":14},"end":{"line":117,"column":41}},"103":{"start":{"line":118,"column":2},"end":{"line":118,"column":18}},"104":{"start":{"line":119,"column":2},"end":{"line":119,"column":22}},"105":{"start":{"line":121,"column":51},"end":{"line":121,"column":101}},"106":{"start":{"line":125,"column":21},"end":{"line":125,"column":42}},"107":{"start":{"line":126,"column":19},"end":{"line":126,"column":55}},"108":{"start":{"line":127,"column":13},"end":{"line":127,"column":67}},"109":{"start":{"line":127,"column":37},"end":{"line":127,"column":53}},"110":{"start":{"line":128,"column":21},"end":{"line":128,"column":92}},"111":{"start":{"line":129,"column":2},"end":{"line":129,"column":19}},"112":{"start":{"line":130,"column":2},"end":{"line":130,"column":34}},"113":{"start":{"line":131,"column":2},"end":{"line":131,"column":11}},"114":{"start":{"line":134,"column":21},"end":{"line":134,"column":42}},"115":{"start":{"line":135,"column":19},"end":{"line":135,"column":55}},"116":{"start":{"line":137,"column":2},"end":{"line":139,"column":76}},"117":{"start":{"line":138,"column":17},"end":{"line":138,"column":44}},"118":{"start":{"line":139,"column":19},"end":{"line":139,"column":74}},"119":{"start":{"line":143,"column":58},"end":{"line":143,"column":113}},"120":{"start":{"line":144,"column":80},"end":{"line":144,"column":103}},"121":{"start":{"line":144,"column":115},"end":{"line":144,"column":142}},"122":{"start":{"line":144,"column":144},"end":{"line":144,"column":160}},"123":{"start":{"line":144,"column":161},"end":{"line":144,"column":181}},"124":{"start":{"line":145,"column":84},"end":{"line":145,"column":107}},"125":{"start":{"line":145,"column":119},"end":{"line":145,"column":146}},"126":{"start":{"line":145,"column":148},"end":{"line":145,"column":199}},"127":{"start":{"line":145,"column":177},"end":{"line":145,"column":196}}},"fnMap":{"0":{"name":"get","decl":{"start":{"line":20,"column":15},"end":{"line":20,"column":18}},"loc":{"start":{"line":20,"column":39},"end":{"line":22,"column":1}}},"1":{"name":"set","decl":{"start":{"line":23,"column":15},"end":{"line":23,"column":18}},"loc":{"start":{"line":23,"column":39},"end":{"line":25,"column":1}}},"2":{"name":"nextId","decl":{"start":{"line":26,"column":9},"end":{"line":26,"column":15}},"loc":{"start":{"line":26,"column":24},"end":{"line":26,"column":45}}},"3":{"name":"randomPassword","decl":{"start":{"line":27,"column":9},"end":{"line":27,"column":23}},"loc":{"start":{"line":27,"column":29},"end":{"line":27,"column":198}}},"4":{"name":"(anonymous_5)","decl":{"start":{"line":27,"column":136},"end":{"line":27,"column":138}},"loc":{"start":{"line":27,"column":140},"end":{"line":27,"column":185}}},"5":{"name":"registerEmployer","decl":{"start":{"line":30,"column":22},"end":{"line":30,"column":38}},"loc":{"start":{"line":30,"column":81},"end":{"line":39,"column":1}}},"6":{"name":"loginEmployer","decl":{"start":{"line":41,"column":22},"end":{"line":41,"column":35}},"loc":{"start":{"line":41,"column":73},"end":{"line":48,"column":1}}},"7":{"name":"(anonymous_8)","decl":{"start":{"line":44,"column":29},"end":{"line":44,"column":30}},"loc":{"start":{"line":44,"column":34},"end":{"line":44,"column":53}}},"8":{"name":"resetEmployerPassword","decl":{"start":{"line":50,"column":22},"end":{"line":50,"column":43}},"loc":{"start":{"line":50,"column":56},"end":{"line":58,"column":1}}},"9":{"name":"(anonymous_10)","decl":{"start":{"line":52,"column":29},"end":{"line":52,"column":30}},"loc":{"start":{"line":52,"column":34},"end":{"line":52,"column":80}}},"10":{"name":"changeEmployerPassword","decl":{"start":{"line":60,"column":22},"end":{"line":60,"column":44}},"loc":{"start":{"line":60,"column":97},"end":{"line":68,"column":1}}},"11":{"name":"(anonymous_12)","decl":{"start":{"line":63,"column":29},"end":{"line":63,"column":30}},"loc":{"start":{"line":63,"column":34},"end":{"line":63,"column":53}}},"12":{"name":"registerEmployee","decl":{"start":{"line":71,"column":22},"end":{"line":71,"column":38}},"loc":{"start":{"line":71,"column":104},"end":{"line":84,"column":1}}},"13":{"name":"(anonymous_14)","decl":{"start":{"line":75,"column":22},"end":{"line":75,"column":23}},"loc":{"start":{"line":75,"column":27},"end":{"line":75,"column":54}}},"14":{"name":"loginEmployee","decl":{"start":{"line":86,"column":22},"end":{"line":86,"column":35}},"loc":{"start":{"line":86,"column":68},"end":{"line":93,"column":1}}},"15":{"name":"(anonymous_16)","decl":{"start":{"line":89,"column":25},"end":{"line":89,"column":26}},"loc":{"start":{"line":89,"column":30},"end":{"line":89,"column":44}}},"16":{"name":"resetPasswordToTz","decl":{"start":{"line":95,"column":22},"end":{"line":95,"column":39}},"loc":{"start":{"line":95,"column":55},"end":{"line":102,"column":1}}},"17":{"name":"(anonymous_18)","decl":{"start":{"line":98,"column":25},"end":{"line":98,"column":26}},"loc":{"start":{"line":98,"column":30},"end":{"line":98,"column":44}}},"18":{"name":"listEmployerWorkers","decl":{"start":{"line":104,"column":22},"end":{"line":104,"column":41}},"loc":{"start":{"line":104,"column":62},"end":{"line":108,"column":1}}},"19":{"name":"(anonymous_20)","decl":{"start":{"line":107,"column":24},"end":{"line":107,"column":25}},"loc":{"start":{"line":107,"column":29},"end":{"line":107,"column":56}}},"20":{"name":"(anonymous_21)","decl":{"start":{"line":107,"column":63},"end":{"line":107,"column":64}},"loc":{"start":{"line":107,"column":71},"end":{"line":107,"column":109}}},"21":{"name":"saveShiftStart","decl":{"start":{"line":111,"column":22},"end":{"line":111,"column":36}},"loc":{"start":{"line":111,"column":58},"end":{"line":111,"column":113}}},"22":{"name":"loadShiftStart","decl":{"start":{"line":112,"column":22},"end":{"line":112,"column":36}},"loc":{"start":{"line":112,"column":46},"end":{"line":112,"column":103}}},"23":{"name":"clearShiftStart","decl":{"start":{"line":113,"column":22},"end":{"line":113,"column":37}},"loc":{"start":{"line":113,"column":47},"end":{"line":113,"column":100}}},"24":{"name":"appendLocalPunch","decl":{"start":{"line":115,"column":22},"end":{"line":115,"column":38}},"loc":{"start":{"line":115,"column":61},"end":{"line":120,"column":1}}},"25":{"name":"loadLocalPunches","decl":{"start":{"line":121,"column":22},"end":{"line":121,"column":38}},"loc":{"start":{"line":121,"column":48},"end":{"line":121,"column":103}}},"26":{"name":"createProject","decl":{"start":{"line":124,"column":22},"end":{"line":124,"column":35}},"loc":{"start":{"line":124,"column":86},"end":{"line":132,"column":1}}},"27":{"name":"(anonymous_28)","decl":{"start":{"line":127,"column":30},"end":{"line":127,"column":31}},"loc":{"start":{"line":127,"column":37},"end":{"line":127,"column":53}}},"28":{"name":"listProjects","decl":{"start":{"line":133,"column":22},"end":{"line":133,"column":34}},"loc":{"start":{"line":133,"column":55},"end":{"line":140,"column":1}}},"29":{"name":"(anonymous_30)","decl":{"start":{"line":138,"column":12},"end":{"line":138,"column":13}},"loc":{"start":{"line":138,"column":17},"end":{"line":138,"column":44}}},"30":{"name":"(anonymous_31)","decl":{"start":{"line":139,"column":10},"end":{"line":139,"column":11}},"loc":{"start":{"line":139,"column":19},"end":{"line":139,"column":74}}},"31":{"name":"listProjectMedia","decl":{"start":{"line":143,"column":22},"end":{"line":143,"column":38}},"loc":{"start":{"line":143,"column":55},"end":{"line":143,"column":115}}},"32":{"name":"addProjectMedia","decl":{"start":{"line":144,"column":22},"end":{"line":144,"column":37}},"loc":{"start":{"line":144,"column":67},"end":{"line":144,"column":183}}},"33":{"name":"removeProjectMedia","decl":{"start":{"line":145,"column":22},"end":{"line":145,"column":40}},"loc":{"start":{"line":145,"column":71},"end":{"line":145,"column":201}}},"34":{"name":"(anonymous_35)","decl":{"start":{"line":145,"column":174},"end":{"line":145,"column":175}},"loc":{"start":{"line":145,"column":177},"end":{"line":145,"column":196}}}},"branchMap":{"0":{"loc":{"start":{"line":21,"column":52},"end":{"line":21,"column":80}},"type":"cond-expr","locations":[{"start":{"line":21,"column":56},"end":{"line":21,"column":74}},{"start":{"line":21,"column":77},"end":{"line":21,"column":80}}]},"1":{"loc":{"start":{"line":26,"column":35},"end":{"line":26,"column":39}},"type":"binary-expr","locations":[{"start":{"line":26,"column":35},"end":{"line":26,"column":36}},{"start":{"line":26,"column":38},"end":{"line":26,"column":39}}]},"2":{"loc":{"start":{"line":27,"column":24},"end":{"line":27,"column":29}},"type":"default-arg","locations":[{"start":{"line":27,"column":28},"end":{"line":27,"column":29}}]},"3":{"loc":{"start":{"line":45,"column":2},"end":{"line":45,"column":45}},"type":"if","locations":[{"start":{"line":45,"column":2},"end":{"line":45,"column":45}}]},"4":{"loc":{"start":{"line":46,"column":2},"end":{"line":46,"column":64}},"type":"if","locations":[{"start":{"line":46,"column":2},"end":{"line":46,"column":64}}]},"5":{"loc":{"start":{"line":53,"column":2},"end":{"line":53,"column":58}},"type":"if","locations":[{"start":{"line":53,"column":2},"end":{"line":53,"column":58}}]},"6":{"loc":{"start":{"line":64,"column":2},"end":{"line":64,"column":45}},"type":"if","locations":[{"start":{"line":64,"column":2},"end":{"line":64,"column":45}}]},"7":{"loc":{"start":{"line":65,"column":2},"end":{"line":65,"column":70}},"type":"if","locations":[{"start":{"line":65,"column":2},"end":{"line":65,"column":70}}]},"8":{"loc":{"start":{"line":75,"column":2},"end":{"line":75,"column":95}},"type":"if","locations":[{"start":{"line":75,"column":2},"end":{"line":75,"column":95}}]},"9":{"loc":{"start":{"line":90,"column":2},"end":{"line":90,"column":42}},"type":"if","locations":[{"start":{"line":90,"column":2},"end":{"line":90,"column":42}}]},"10":{"loc":{"start":{"line":91,"column":2},"end":{"line":91,"column":62}},"type":"if","locations":[{"start":{"line":91,"column":2},"end":{"line":91,"column":62}}]},"11":{"loc":{"start":{"line":99,"column":2},"end":{"line":99,"column":42}},"type":"if","locations":[{"start":{"line":99,"column":2},"end":{"line":99,"column":42}}]},"12":{"loc":{"start":{"line":127,"column":14},"end":{"line":127,"column":62}},"type":"binary-expr","locations":[{"start":{"line":127,"column":14},"end":{"line":127,"column":57}},{"start":{"line":127,"column":61},"end":{"line":127,"column":62}}]},"13":{"loc":{"start":{"line":139,"column":19},"end":{"line":139,"column":74}},"type":"binary-expr","locations":[{"start":{"line":139,"column":19},"end":{"line":139,"column":57}},{"start":{"line":139,"column":62},"end":{"line":139,"column":73}}]}},"s":{"0":2,"1":2,"2":2,"3":2,"4":2,"5":2,"6":2,"7":2,"8":2,"9":2,"10":2,"11":2,"12":2,"13":2,"14":2,"15":2,"16":2,"17":2,"18":2,"19":2,"20":46,"21":46,"22":28,"23":5,"24":1,"25":1,"26":10,"27":3,"28":3,"29":3,"30":3,"31":3,"32":3,"33":3,"34":3,"35":4,"36":4,"37":4,"38":4,"39":4,"40":0,"41":4,"42":1,"43":3,"44":1,"45":1,"46":1,"47":1,"48":0,"49":1,"50":1,"51":1,"52":1,"53":1,"54":1,"55":1,"56":1,"57":1,"58":0,"59":1,"60":0,"61":1,"62":1,"63":2,"64":2,"65":2,"66":2,"67":2,"68":0,"69":2,"70":2,"71":2,"72":2,"73":2,"74":2,"75":2,"76":3,"77":3,"78":3,"79":3,"80":3,"81":0,"82":3,"83":1,"84":2,"85":1,"86":1,"87":1,"88":1,"89":1,"90":0,"91":1,"92":1,"93":1,"94":1,"95":1,"96":2,"97":1,"98":1,"99":3,"100":1,"101":5,"102":5,"103":5,"104":5,"105":1,"106":4,"107":4,"108":4,"109":2,"110":4,"111":4,"112":4,"113":4,"114":2,"115":2,"116":2,"117":4,"118":2,"119":5,"120":4,"121":4,"122":4,"123":4,"124":2,"125":2,"126":2,"127":4},"f":{"0":46,"1":28,"2":5,"3":1,"4":10,"5":3,"6":4,"7":4,"8":1,"9":1,"10":1,"11":1,"12":2,"13":2,"14":3,"15":3,"16":1,"17":1,"18":1,"19":2,"20":1,"21":1,"22":3,"23":1,"24":5,"25":1,"26":4,"27":2,"28":2,"29":4,"30":2,"31":5,"32":4,"33":2,"34":4},"b":{"0":[30,16],"1":[5,0],"2":[0],"3":[0],"4":[1],"5":[0],"6":[0],"7":[0],"8":[0],"9":[0],"10":[1],"11":[0],"12":[4,2],"13":[2,2]}}
}
