TN:
SF:src/data/repo.ts
FN:71,loadPending
FN:75,savePending
FN:78,uid
FN:81,cloudInsert
FN:86,flushPending
FN:104,cloudLoginEmployer
FN:111,cloudLoginWorker
FN:118,cloudRegisterEmployer
FN:124,cloudRegisterWorker
FN:153,recordPunchWorker
FN:187,recordPunchEmployer
FN:222,createProjectCloud
FN:238,listProjectsCloudFirst
FN:246,(anonymous_23)
FN:261,ensureExt
FN:265,guessExtByMime
FN:277,saveProjectMediaFromUri
FN:284,(anonymous_27)
FN:303,listProjectMediaLocal
FN:315,deleteProjectMediaLocal
FN:323,(anonymous_30)
FNF:21
FNH:17
FNDA:11,loadPending
FNDA:11,savePending
FNDA:8,uid
FNDA:17,cloudInsert
FNDA:3,flushPending
FNDA:0,cloudLoginEmployer
FNDA:0,cloudLoginWorker
FNDA:1,cloudRegisterEmployer
FNDA:1,cloudRegisterWorker
FNDA:4,recordPunchWorker
FNDA:5,recordPunchEmployer
FNDA:5,createProjectCloud
FNDA:1,listProjectsCloudFirst
FNDA:0,(anonymous_23)
FNDA:7,ensureExt
FNDA:7,guessExtByMime
FNDA:7,saveProjectMediaFromUri
FNDA:0,(anonymous_27)
FNDA:4,listProjectMediaLocal
FNDA:2,deleteProjectMediaLocal
FNDA:6,(anonymous_30)
DA:2,4
DA:3,4
DA:4,4
DA:5,4
DA:7,4
DA:69,4
DA:72,11
DA:73,11
DA:76,11
DA:79,8
DA:82,17
DA:83,17
DA:86,4
DA:87,3
DA:88,3
DA:89,3
DA:90,3
DA:91,3
DA:92,8
DA:93,8
DA:94,6
DA:96,2
DA:99,3
DA:100,3
DA:104,4
DA:105,0
DA:106,0
DA:107,0
DA:108,0
DA:109,0
DA:111,4
DA:112,0
DA:113,0
DA:114,0
DA:115,0
DA:116,0
DA:118,4
DA:119,1
DA:120,1
DA:121,1
DA:122,1
DA:124,4
DA:130,1
DA:136,1
DA:137,1
DA:138,1
DA:153,4
DA:154,4
DA:167,4
DA:168,4
DA:170,0
DA:171,0
DA:172,0
DA:175,4
DA:187,4
DA:188,5
DA:201,5
DA:202,5
DA:204,4
DA:205,4
DA:206,4
DA:209,5
DA:222,4
DA:223,5
DA:224,5
DA:225,5
DA:226,1
DA:227,1
DA:228,1
DA:230,4
DA:231,4
DA:232,4
DA:233,4
DA:234,4
DA:238,4
DA:239,1
DA:240,1
DA:245,0
DA:246,0
DA:254,1
DA:259,4
DA:262,7
DA:263,7
DA:266,7
DA:267,7
DA:268,2
DA:269,2
DA:274,2
DA:277,4
DA:283,7
DA:284,7
DA:286,7
DA:287,7
DA:288,7
DA:290,7
DA:292,7
DA:300,7
DA:303,4
DA:304,4
DA:315,4
DA:316,2
DA:319,2
DA:322,2
DA:323,6
DA:327,2
DA:328,2
DA:331,2
DA:332,3
DA:334,3
DA:341,2
LF:110
LH:95
BRDA:73,0,0,8
BRDA:73,0,1,3
BRDA:83,1,0,6
BRDA:88,2,0,0
BRDA:106,3,0,0
BRDA:107,4,0,0
BRDA:108,5,0,0
BRDA:113,6,0,0
BRDA:114,7,0,0
BRDA:115,8,0,0
BRDA:121,9,0,0
BRDA:137,10,0,0
BRDA:159,11,0,4
BRDA:159,11,1,2
BRDA:160,12,0,4
BRDA:160,12,1,2
BRDA:163,13,0,4
BRDA:163,13,1,0
BRDA:164,14,0,4
BRDA:164,14,1,0
BRDA:178,15,0,4
BRDA:178,15,1,0
BRDA:179,16,0,4
BRDA:179,16,1,0
BRDA:180,17,0,4
BRDA:180,17,1,0
BRDA:182,18,0,4
BRDA:182,18,1,2
BRDA:193,19,0,5
BRDA:193,19,1,4
BRDA:194,20,0,5
BRDA:194,20,1,4
BRDA:197,21,0,5
BRDA:197,21,1,5
BRDA:198,22,0,5
BRDA:198,22,1,3
BRDA:212,23,0,5
BRDA:212,23,1,5
BRDA:213,24,0,5
BRDA:213,24,1,5
BRDA:214,25,0,5
BRDA:214,25,1,5
BRDA:216,26,0,5
BRDA:216,26,1,4
BRDA:226,27,0,0
BRDA:245,28,0,0
BRDA:246,29,0,0
BRDA:246,29,1,0
BRDA:259,30,0,4
BRDA:259,30,1,2
BRDA:259,30,2,2
BRDA:262,31,0,0
BRDA:262,32,0,0
BRDA:262,32,1,0
BRDA:263,33,0,5
BRDA:263,33,1,2
BRDA:263,34,0,2
BRDA:263,34,1,0
BRDA:266,35,0,0
BRDA:267,36,0,5
BRDA:268,37,0,0
BRDA:274,38,0,2
BRDA:274,38,1,0
BRDA:286,39,0,7
BRDA:286,39,1,0
BRDA:286,40,0,0
BRDA:286,40,1,0
BRDA:286,41,0,0
BRDA:286,41,1,0
BRDA:287,42,0,7
BRDA:287,42,1,0
BRDA:295,43,0,0
BRDA:295,43,1,7
BRDA:295,44,0,5
BRDA:295,44,1,2
BRDA:323,45,0,6
BRDA:323,45,1,3
BRDA:323,45,2,3
BRF:78
BRH:46
end_of_record
TN:
SF:src/lib/location.ts
FN:3,requestForegroundLocation
FN:8,getCurrentLocation
FN:17,haversineMeters
FN:19,(anonymous_12)
FN:28,reverseGeocode
FN:43,formatAddress
FNF:6
FNH:2
FNDA:0,requestForegroundLocation
FNDA:0,getCurrentLocation
FNDA:2,haversineMeters
FNDA:8,(anonymous_12)
FNDA:0,reverseGeocode
FNDA:0,formatAddress
DA:1,1
DA:3,1
DA:4,0
DA:5,0
DA:8,1
DA:9,0
DA:10,0
DA:17,1
DA:18,2
DA:19,8
DA:20,2
DA:21,2
DA:23,2
DA:25,2
DA:28,1
DA:29,0
DA:30,0
DA:31,0
DA:32,0
DA:33,0
DA:39,0
DA:43,1
DA:44,0
DA:45,0
DA:46,0
LF:25
LH:12
BRDA:5,0,0,0
BRDA:13,1,0,0
BRDA:13,1,1,0
BRDA:32,2,0,0
BRDA:34,3,0,0
BRDA:34,3,1,0
BRDA:34,3,2,0
BRDA:35,4,0,0
BRDA:35,4,1,0
BRDA:35,4,2,0
BRDA:35,4,3,0
BRDA:36,5,0,0
BRDA:36,5,1,0
BRDA:44,6,0,0
BRDA:46,7,0,0
BRDA:46,7,1,0
BRF:16
BRH:0
end_of_record
TN:
SF:src/lib/storage.ts
FN:20,get
FN:23,set
FN:26,nextId
FN:27,randomPassword
FN:27,(anonymous_5)
FN:30,registerEmployer
FN:41,loginEmployer
FN:44,(anonymous_8)
FN:50,resetEmployerPassword
FN:52,(anonymous_10)
FN:60,changeEmployerPassword
FN:63,(anonymous_12)
FN:71,registerEmployee
FN:75,(anonymous_14)
FN:86,loginEmployee
FN:89,(anonymous_16)
FN:95,resetPasswordToTz
FN:98,(anonymous_18)
FN:104,listEmployerWorkers
FN:107,(anonymous_20)
FN:107,(anonymous_21)
FN:111,saveShiftStart
FN:112,loadShiftStart
FN:113,clearShiftStart
FN:115,appendLocalPunch
FN:121,loadLocalPunches
FN:124,createProject
FN:127,(anonymous_28)
FN:133,listProjects
FN:138,(anonymous_30)
FN:139,(anonymous_31)
FN:143,listProjectMedia
FN:144,addProjectMedia
FN:145,removeProjectMedia
FN:145,(anonymous_35)
FNF:35
FNH:35
FNDA:70,get
FNDA:46,set
FNDA:5,nextId
FNDA:1,randomPassword
FNDA:10,(anonymous_5)
FNDA:3,registerEmployer
FNDA:4,loginEmployer
FNDA:4,(anonymous_8)
FNDA:1,resetEmployerPassword
FNDA:1,(anonymous_10)
FNDA:1,changeEmployerPassword
FNDA:1,(anonymous_12)
FNDA:2,registerEmployee
FNDA:2,(anonymous_14)
FNDA:3,loginEmployee
FNDA:3,(anonymous_16)
FNDA:1,resetPasswordToTz
FNDA:1,(anonymous_18)
FNDA:1,listEmployerWorkers
FNDA:2,(anonymous_20)
FNDA:1,(anonymous_21)
FNDA:1,saveShiftStart
FNDA:3,loadShiftStart
FNDA:1,clearShiftStart
FNDA:16,appendLocalPunch
FNDA:3,loadLocalPunches
FNDA:7,createProject
FNDA:3,(anonymous_28)
FNDA:2,listProjects
FNDA:4,(anonymous_30)
FNDA:2,(anonymous_31)
FNDA:9,listProjectMedia
FNDA:9,addProjectMedia
FNDA:1,removeProjectMedia
FNDA:2,(anonymous_35)
DA:1,6
DA:9,6
DA:21,70
DA:24,46
DA:26,5
DA:27,10
DA:30,6
DA:31,3
DA:32,3
DA:33,3
DA:34,3
DA:35,3
DA:36,3
DA:37,3
DA:38,3
DA:41,6
DA:42,4
DA:43,4
DA:44,4
DA:45,4
DA:46,4
DA:47,3
DA:50,6
DA:51,1
DA:52,1
DA:53,1
DA:54,1
DA:55,1
DA:56,1
DA:57,1
DA:60,6
DA:61,1
DA:62,1
DA:63,1
DA:64,1
DA:65,1
DA:66,1
DA:67,1
DA:71,6
DA:72,2
DA:73,2
DA:74,2
DA:75,2
DA:77,2
DA:78,2
DA:79,2
DA:80,2
DA:81,2
DA:82,2
DA:83,2
DA:86,6
DA:87,3
DA:88,3
DA:89,3
DA:90,3
DA:91,3
DA:92,2
DA:95,6
DA:96,1
DA:97,1
DA:98,1
DA:99,1
DA:100,1
DA:101,1
DA:104,6
DA:105,1
DA:106,1
DA:107,2
DA:111,6
DA:112,6
DA:113,6
DA:115,6
DA:116,16
DA:117,16
DA:118,16
DA:119,16
DA:121,6
DA:124,6
DA:125,7
DA:126,7
DA:127,7
DA:128,7
DA:129,7
DA:130,7
DA:131,7
DA:133,6
DA:134,2
DA:135,2
DA:137,2
DA:138,4
DA:139,2
DA:143,9
DA:144,9
DA:145,6
LF:94
LH:94
BRDA:21,0,0,48
BRDA:21,0,1,22
BRDA:26,1,0,5
BRDA:26,1,1,0
BRDA:27,2,0,0
BRDA:45,3,0,0
BRDA:46,4,0,1
BRDA:53,5,0,0
BRDA:64,6,0,0
BRDA:65,7,0,0
BRDA:75,8,0,0
BRDA:90,9,0,0
BRDA:91,10,0,1
BRDA:99,11,0,0
BRDA:127,12,0,7
BRDA:127,12,1,4
BRDA:139,13,0,2
BRDA:139,13,1,2
BRF:18
BRH:9
end_of_record
