TN:
SF:src/data/repo.ts
FN:84,loadPending
FN:88,savePending
FN:91,uid
FN:95,cloudInsert
FN:100,flushPending
FN:118,cloudLoginEmployer
FN:125,cloudLoginWorker
FN:132,cloudRegisterEmployer
FN:138,cloudRegisterWorker
FN:167,recordPunchWorker
FN:201,recordPunchEmployer
FN:236,createProjectCloud
FN:252,listProjectsCloudFirst
FN:260,(anonymous_23)
FN:281,ensureExt
FN:285,guessExtByMime
FN:297,saveProjectMediaFromUri
FN:304,(anonymous_27)
FN:323,listProjectMediaLocal
FN:327,deleteProjectMediaLocal
FNF:20
FNH:14
FNDA:4,loadPending
FNDA:4,savePending
FNDA:3,uid
FNDA:4,cloudInsert
FNDA:1,flushPending
FNDA:0,cloudLoginEmployer
FNDA:0,cloudLoginWorker
FNDA:0,cloudRegisterEmployer
FNDA:0,cloudRegisterWorker
FNDA:2,recordPunchWorker
FNDA:1,recordPunchEmployer
FNDA:2,createProjectCloud
FNDA:1,listProjectsCloudFirst
FNDA:0,(anonymous_23)
FNDA:2,ensureExt
FNDA:2,guessExtByMime
FNDA:2,saveProjectMediaFromUri
FNDA:0,(anonymous_27)
FNDA:2,listProjectMediaLocal
FNDA:1,deleteProjectMediaLocal
DA:14,1
DA:15,1
DA:16,1
DA:17,1
DA:19,1
DA:82,1
DA:85,4
DA:86,4
DA:89,4
DA:92,3
DA:96,4
DA:97,4
DA:100,1
DA:101,1
DA:102,1
DA:103,1
DA:104,1
DA:105,1
DA:106,1
DA:107,1
DA:108,1
DA:110,0
DA:113,1
DA:114,1
DA:118,1
DA:119,0
DA:120,0
DA:121,0
DA:122,0
DA:123,0
DA:125,1
DA:126,0
DA:127,0
DA:128,0
DA:129,0
DA:130,0
DA:132,1
DA:133,0
DA:134,0
DA:135,0
DA:136,0
DA:138,1
DA:144,0
DA:150,0
DA:151,0
DA:152,0
DA:167,1
DA:168,2
DA:181,2
DA:182,2
DA:184,0
DA:185,0
DA:186,0
DA:189,2
DA:201,1
DA:202,1
DA:215,1
DA:216,1
DA:218,1
DA:219,1
DA:220,1
DA:223,1
DA:236,1
DA:237,2
DA:238,2
DA:239,2
DA:240,0
DA:241,0
DA:242,0
DA:244,2
DA:245,2
DA:246,2
DA:247,2
DA:248,2
DA:252,1
DA:253,1
DA:254,1
DA:259,0
DA:260,0
DA:268,1
DA:279,1
DA:282,2
DA:283,2
DA:286,2
DA:287,2
DA:288,1
DA:289,1
DA:294,1
DA:297,1
DA:303,2
DA:304,2
DA:306,2
DA:307,2
DA:308,2
DA:310,2
DA:312,2
DA:320,2
DA:323,1
DA:324,2
DA:327,1
DA:329,1
DA:330,1
DA:333,1
LF:103
LH:76
BRDA:86,0,0,2
BRDA:86,0,1,2
BRDA:97,1,0,1
BRDA:102,2,0,0
BRDA:120,3,0,0
BRDA:121,4,0,0
BRDA:122,5,0,0
BRDA:127,6,0,0
BRDA:128,7,0,0
BRDA:129,8,0,0
BRDA:135,9,0,0
BRDA:151,10,0,0
BRDA:173,11,0,2
BRDA:173,11,1,1
BRDA:174,12,0,2
BRDA:174,12,1,1
BRDA:177,13,0,2
BRDA:177,13,1,0
BRDA:178,14,0,2
BRDA:178,14,1,0
BRDA:192,15,0,2
BRDA:192,15,1,0
BRDA:193,16,0,2
BRDA:193,16,1,0
BRDA:196,17,0,2
BRDA:196,17,1,1
BRDA:207,18,0,1
BRDA:207,18,1,1
BRDA:208,19,0,1
BRDA:208,19,1,1
BRDA:211,20,0,1
BRDA:211,20,1,1
BRDA:212,21,0,1
BRDA:212,21,1,0
BRDA:226,22,0,1
BRDA:226,22,1,1
BRDA:227,23,0,1
BRDA:227,23,1,1
BRDA:230,24,0,1
BRDA:230,24,1,1
BRDA:240,25,0,0
BRDA:259,26,0,0
BRDA:260,27,0,0
BRDA:260,27,1,0
BRDA:279,28,0,1
BRDA:279,28,1,0
BRDA:279,28,2,0
BRDA:282,29,0,0
BRDA:282,30,0,0
BRDA:282,30,1,0
BRDA:283,31,0,2
BRDA:283,31,1,0
BRDA:283,32,0,0
BRDA:283,32,1,0
BRDA:286,33,0,0
BRDA:287,34,0,1
BRDA:288,35,0,0
BRDA:294,36,0,1
BRDA:294,36,1,0
BRDA:306,37,0,2
BRDA:306,37,1,0
BRDA:306,38,0,0
BRDA:306,38,1,0
BRDA:306,39,0,0
BRDA:306,39,1,0
BRDA:307,40,0,2
BRDA:307,40,1,0
BRDA:315,41,0,0
BRDA:315,41,1,2
BRDA:315,42,0,1
BRDA:315,42,1,1
BRF:71
BRH:35
end_of_record
TN:
SF:src/lib/location.ts
FN:3,requestForegroundLocation
FN:8,getCurrentLocation
FN:17,haversineMeters
FN:19,(anonymous_12)
FN:28,reverseGeocode
FN:43,formatAddress
FNF:6
FNH:0
FNDA:0,requestForegroundLocation
FNDA:0,getCurrentLocation
FNDA:0,haversineMeters
FNDA:0,(anonymous_12)
FNDA:0,reverseGeocode
FNDA:0,formatAddress
DA:1,0
DA:3,0
DA:4,0
DA:5,0
DA:8,0
DA:9,0
DA:10,0
DA:17,0
DA:18,0
DA:19,0
DA:20,0
DA:21,0
DA:23,0
DA:25,0
DA:28,0
DA:29,0
DA:30,0
DA:31,0
DA:32,0
DA:33,0
DA:39,0
DA:43,0
DA:44,0
DA:45,0
DA:46,0
LF:25
LH:0
BRDA:5,0,0,0
BRDA:13,1,0,0
BRDA:13,1,1,0
BRDA:32,2,0,0
BRDA:34,3,0,0
BRDA:34,3,1,0
BRDA:34,3,2,0
BRDA:35,4,0,0
BRDA:35,4,1,0
BRDA:35,4,2,0
BRDA:35,4,3,0
BRDA:36,5,0,0
BRDA:36,5,1,0
BRDA:44,6,0,0
BRDA:46,7,0,0
BRDA:46,7,1,0
BRF:16
BRH:0
end_of_record
TN:
SF:src/lib/storage.ts
FN:20,get
FN:23,set
FN:26,nextId
FN:27,randomPassword
FN:27,(anonymous_5)
FN:30,registerEmployer
FN:41,loginEmployer
FN:44,(anonymous_8)
FN:50,resetEmployerPassword
FN:52,(anonymous_10)
FN:60,changeEmployerPassword
FN:63,(anonymous_12)
FN:71,registerEmployee
FN:75,(anonymous_14)
FN:86,loginEmployee
FN:89,(anonymous_16)
FN:95,resetPasswordToTz
FN:98,(anonymous_18)
FN:104,listEmployerWorkers
FN:107,(anonymous_20)
FN:107,(anonymous_21)
FN:111,saveShiftStart
FN:112,loadShiftStart
FN:113,clearShiftStart
FN:115,appendLocalPunch
FN:121,loadLocalPunches
FN:124,createProject
FN:127,(anonymous_28)
FN:133,listProjects
FN:138,(anonymous_30)
FN:139,(anonymous_31)
FN:143,listProjectMedia
FN:144,addProjectMedia
FN:145,removeProjectMedia
FN:145,(anonymous_35)
FNF:35
FNH:35
FNDA:46,get
FNDA:28,set
FNDA:5,nextId
FNDA:1,randomPassword
FNDA:10,(anonymous_5)
FNDA:3,registerEmployer
FNDA:4,loginEmployer
FNDA:4,(anonymous_8)
FNDA:1,resetEmployerPassword
FNDA:1,(anonymous_10)
FNDA:1,changeEmployerPassword
FNDA:1,(anonymous_12)
FNDA:2,registerEmployee
FNDA:2,(anonymous_14)
FNDA:3,loginEmployee
FNDA:3,(anonymous_16)
FNDA:1,resetPasswordToTz
FNDA:1,(anonymous_18)
FNDA:1,listEmployerWorkers
FNDA:2,(anonymous_20)
FNDA:1,(anonymous_21)
FNDA:1,saveShiftStart
FNDA:3,loadShiftStart
FNDA:1,clearShiftStart
FNDA:5,appendLocalPunch
FNDA:1,loadLocalPunches
FNDA:4,createProject
FNDA:2,(anonymous_28)
FNDA:2,listProjects
FNDA:4,(anonymous_30)
FNDA:2,(anonymous_31)
FNDA:5,listProjectMedia
FNDA:4,addProjectMedia
FNDA:2,removeProjectMedia
FNDA:4,(anonymous_35)
DA:1,2
DA:9,2
DA:21,46
DA:24,28
DA:26,5
DA:27,10
DA:30,2
DA:31,3
DA:32,3
DA:33,3
DA:34,3
DA:35,3
DA:36,3
DA:37,3
DA:38,3
DA:41,2
DA:42,4
DA:43,4
DA:44,4
DA:45,4
DA:46,4
DA:47,3
DA:50,2
DA:51,1
DA:52,1
DA:53,1
DA:54,1
DA:55,1
DA:56,1
DA:57,1
DA:60,2
DA:61,1
DA:62,1
DA:63,1
DA:64,1
DA:65,1
DA:66,1
DA:67,1
DA:71,2
DA:72,2
DA:73,2
DA:74,2
DA:75,2
DA:77,2
DA:78,2
DA:79,2
DA:80,2
DA:81,2
DA:82,2
DA:83,2
DA:86,2
DA:87,3
DA:88,3
DA:89,3
DA:90,3
DA:91,3
DA:92,2
DA:95,2
DA:96,1
DA:97,1
DA:98,1
DA:99,1
DA:100,1
DA:101,1
DA:104,2
DA:105,1
DA:106,1
DA:107,2
DA:111,2
DA:112,3
DA:113,2
DA:115,2
DA:116,5
DA:117,5
DA:118,5
DA:119,5
DA:121,2
DA:124,2
DA:125,4
DA:126,4
DA:127,4
DA:128,4
DA:129,4
DA:130,4
DA:131,4
DA:133,2
DA:134,2
DA:135,2
DA:137,2
DA:138,4
DA:139,2
DA:143,5
DA:144,4
DA:145,4
LF:94
LH:94
BRDA:21,0,0,30
BRDA:21,0,1,16
BRDA:26,1,0,5
BRDA:26,1,1,0
BRDA:27,2,0,0
BRDA:45,3,0,0
BRDA:46,4,0,1
BRDA:53,5,0,0
BRDA:64,6,0,0
BRDA:65,7,0,0
BRDA:75,8,0,0
BRDA:90,9,0,0
BRDA:91,10,0,1
BRDA:99,11,0,0
BRDA:127,12,0,4
BRDA:127,12,1,2
BRDA:139,13,0,2
BRDA:139,13,1,2
BRF:18
BRH:9
end_of_record
